make.exe all --print-data-base --no-builtin-variables --no-builtin-rules --question
make: *** No rule to make target 'all'.  Stop.

# GNU Make 4.4.1
# Built for x86_64-pc-msys
# Copyright (C) 1988-2023 Free Software Foundation, Inc.
# License GPLv3+: GNU GPL version 3 or later <https://gnu.org/licenses/gpl.html>
# This is free software: you are free to change and redistribute it.
# There is NO WARRANTY, to the extent permitted by law.

# Make data base, printed on Fri Apr  3 16:30:58 2026

# Variables

# environment
FPS_BROWSER_APP_PROFILE_STRING = Internet Explorer
# environment
SYSTEMDRIVE = C:
# environment
LC_ALL = C
# environment
VBOX_HWVIRTEX_IGNORE_SVM_IN_USE = 1
# environment
USERPROFILE = C:\Users\manos
# environment
EFC_18536_2283032206 = 1
# environment
LOCALAPPDATA = C:\Users\manos\AppData\Local
# environment
VSCODE_CRASH_REPORTER_PROCESS_TYPE = extensionHost
# environment
VSCODE_CWD = C:\Users\manos\AppData\Local\Programs\Microsoft VS Code
# environment
SYSTEMROOT = C:\WINDOWS
# environment
PROCESSOR_LEVEL = 23
# environment
PSMODULEPATH = C:\Program Files\WindowsPowerShell\Modules;C:\WINDOWS\system32\WindowsPowerShell\v1.0\Modules
# default
MAKE_COMMAND := make
# environment
APPLICATIONINSIGHTS_CONFIGURATION_CONTENT = {}
# environment
OTEL_INSTRUMENTATION_GENAI_CAPTURE_MESSAGE_CONTENT = true
# automatic
@D = $(patsubst %/,%,$(dir $@))
# environment
CHROME_CRASHPAD_PIPE_NAME = \\.\pipe\crashpad_2296_ATLZPGSGDOKWUJBN
# environment
COPILOT_OTEL_EXPORTER_TYPE = file
# environment
FPS_BROWSER_USER_PROFILE_STRING = Default
# environment
VSCODE_HANDLES_UNCAUGHT_ERRORS = true
# default
.VARIABLES := 
# automatic
%D = $(patsubst %/,%,$(dir $%))
# automatic
^D = $(patsubst %/,%,$(dir $^))
# automatic
%F = $(notdir $%)
# environment
VSCODE_CODE_CACHE_PATH = C:\Users\manos\AppData\Roaming\Code\CachedData\e7fb5e96c0730b9deb70b33781f98e2f35975036
# environment
LANG = C
# default
.LOADED := 
# environment
TMP = /c/Users/manos/AppData/Local/Temp
# default
.INCLUDE_DIRS := /usr/include
# makefile
MAKEFLAGS = pqrR
# environment
ONEDRIVE = C:\Users\manos\OneDrive
# makefile
CURDIR := /c/Users/manos/Documents/GitHub/Compilers_HW1
# environment
APPLICATION_INSIGHTS_NO_DIAGNOSTIC_CHANNEL = 1
# environment
VSCODE_L10N_BUNDLE_LOCATION = 
# automatic
*D = $(patsubst %/,%,$(dir $*))
# environment
PROGRAMFILES = C:\Program Files
# environment
MFLAGS = -pqrR
# default
.SHELLFLAGS := -c
# environment
!C: = c:\Users\manos\Documents\GitHub\Compilers_HW1
# environment
COMMONPROGRAMW6432 = C:\Program Files\Common Files
# environment
COPILOT_OTEL_FILE_EXPORTER_PATH = \\.\nul
# automatic
+D = $(patsubst %/,%,$(dir $+))
# makefile
MAKEFILE_LIST := 
# automatic
@F = $(notdir $@)
# environment
VSCODE_PID = 2296
# automatic
?D = $(patsubst %/,%,$(dir $?))
# environment
EFC_18536_2775293581 = 1
# automatic
*F = $(notdir $*)
# automatic
<D = $(patsubst %/,%,$(dir $<))
# environment
VSCODE_NLS_CONFIG = {"userLocale":"en-us","osLocale":"en-us","resolvedLanguage":"en","defaultMessagesFile":"C:\\Users\\manos\\AppData\\Local\\Programs\\Microsoft VS Code\\e7fb5e96c0\\resources\\app\\out\\nls.messages.json","locale":"en-us","availableLanguages":{}}
# environment
EFC_18536_1262719628 = 1
# default
MAKE_HOST := x86_64-pc-msys
# environment
PROGRAMDATA = C:\ProgramData
# default
SHELL := /bin/sh
# environment
CLASSPATH = .;C:\Tools\FLCTools\java-cup-11b.jar;C:\Tools\FLCTools\jflex-1.9.1\lib\jflex-1.9.1.jar;C:\Tools\FLCTools\java-cup-11b-runtime.jar
# environment
HOMEPATH = \Users\manos
# default
MAKECMDGOALS := all
# environment
DRIVERDATA = C:\Windows\System32\Drivers\DriverData
# environment
COMSPEC = C:\WINDOWS\system32\cmd.exe
# environment
WINDIR = C:\WINDOWS
# environment
MAKELEVEL := 0
# default
MAKE = $(MAKE_COMMAND)
# environment
PATH = /c/Users/manos/AppData/Local/Programs/Microsoft VS Code:/c/Program Files/Common Files/Oracle/Java/javapath:/c/Program Files (x86)/Common Files/Oracle/Java/java8path:/c/Program Files (x86)/Common Files/Oracle/Java/javapath:/mingw64/bin:/usr/bin:/c/WINDOWS/system32:/c/WINDOWS:/c/WINDOWS/System32/Wbem:/c/WINDOWS/System32/WindowsPowerShell/v1.0:/c/WINDOWS/System32/OpenSSH:/c/Program Files/PuTTY:/c/Program Files/MATLAB/R2024b/runtime/win64:/c/Program Files/MATLAB/R2024b/bin:/c/Program Files/dotnet:/c/Program Files/OpenVPN/bin:/c/Program Files/Git/cmd:/c/Program Files (x86)/Windows Kits/10/Windows Performance Toolkit:/c/Program Files/CMake/bin:/c/Users/manos/AppData/Local/Programs/Python/Python313/Scripts:/c/Users/manos/AppData/Local/Programs/Python/Python313:/c/Users/manos/AppData/Local/Microsoft/WindowsApps:/c/Users/manos/AppData/Local/Programs/Microsoft VS Code/bin:/c/Users/manos/AppData/Local/GitHubDesktop/bin:/c/Program Files/JetBrains/PyCharm 2025.1/bin:/c/Tools/FLCTools/jflex-1.9.1/bin
# environment
COMPUTERNAME = LAPTOP-8NQDJCEP
# default
MAKEFILES := 
# automatic
^F = $(notdir $^)
# environment
JFLEX_HOME = C:\Tools\FLCTools\jflex-1.9.1
# environment
PYCHARM = C:\Program Files\JetBrains\PyCharm 2025.1\bin;
# environment
PROMPT = $P$G
# environment
APPLICATION_INSIGHTS_NO_STATSBEAT = true
# environment
LOGONSERVER = \\LAPTOP-8NQDJCEP
# environment
PULP = c:\users\manos\appdata\local\programs\python\python313\lib\site-packages 
# environment
USERNAME = manos
# environment
COMMONPROGRAMFILES = C:\Program Files\Common Files
# automatic
?F = $(notdir $?)
# environment
PROGRAMW6432 = C:\Program Files
# environment
PATHEXT = .COM;.EXE;.BAT;.CMD;.VBS;.VBE;.JS;.JSE;.WSF;.WSH;.MSC
# automatic
+F = $(notdir $+)
# environment
USERDOMAIN = LAPTOP-8NQDJCEP
# 'override' directive
GNUMAKEFLAGS := 
# environment
OS = Windows_NT
# environment
EFC_18536_3789132940 = 1
# makefile
.DEFAULT_GOAL := 
# default
MAKE_VERSION := 4.4.1
# environment
PROGRAMFILES(X86) = C:\Program Files (x86)
# environment
USERDOMAIN_ROAMINGPROFILE = LAPTOP-8NQDJCEP
# environment
NUMBER_OF_PROCESSORS = 8
# environment
NODE_TLS_REJECT_UNAUTHORIZED = undefined
# environment
PUBLIC = C:\Users\Public
# environment
EFC_18536_1592913036 = 1
# environment
APPDATA = C:\Users\manos\AppData\Roaming
# environment
HOMEDRIVE = C:
# environment
COPILOT_OTEL_ENABLED = true
# environment
PROCESSOR_ARCHITECTURE = AMD64
# environment
VSCODE_DOTNET_INSTALL_TOOL_ORIGINAL_HOME = undefined
# environment
HOME = /home/manos
# environment
COMMONPROGRAMFILES(X86) = C:\Program Files (x86)\Common Files
# environment
ELECTRON_RUN_AS_NODE = 1
# environment
TEMP = /c/Users/manos/AppData/Local/Temp
# environment
VSCODE_IPC_HOOK = \\.\pipe\8e6541ab-1.114.0-main-sock
# environment
TERM = xterm-256color
# default
.RECIPEPREFIX := 
# automatic
<F = $(notdir $<)
# default
SUFFIXES := 
# environment
ALLUSERSPROFILE = C:\ProgramData
# environment
SESSIONNAME = Console
# default
.FEATURES := target-specific order-only second-expansion else-if shortest-stem undefine oneshell nocomment grouped-target extra-prereqs notintermediate shell-export archives jobserver output-sync check-symlink load dospaths
# environment
PROCESSOR_REVISION = a000
# environment
VSCODE_ESM_ENTRYPOINT = vs/workbench/api/node/extensionHostProcess
# environment
PROCESSOR_IDENTIFIER = AMD64 Family 23 Model 160 Stepping 0, AuthenticAMD
# variable set hash-table stats:
# Load=110/1024=11%, Rehash=0, Collisions=15/133=11%

# Pattern-specific Variable Values

# No pattern-specific variable values.

# Directories

# . (device 1116076344, inode 2251799815079418): 7 files, no impossibilities.

# 7 files, no impossibilities in 1 directories.

# Implicit Rules

# No implicit rules.

# Files

# Not a target:
Makefile:
#  Implicit rule search has been done.
#  File does not exist.
#  File has been updated.
#  Failed to be updated.

# Not a target:
.DEFAULT:
#  Implicit rule search has not been done.
#  Modification time never checked.
#  File has not been updated.

# Not a target:
all:
#  Command line target.
#  Implicit rule search has been done.
#  File does not exist.
#  File has not been updated.

# Not a target:
makefile:
#  Implicit rule search has been done.
#  File does not exist.
#  File has been updated.
#  Failed to be updated.

# Not a target:
GNUmakefile:
#  Implicit rule search has been done.
#  File does not exist.
#  File has been updated.
#  Failed to be updated.

# files hash-table stats:
# Load=6/1024=1%, Rehash=0, Collisions=0/16=0%
# VPATH Search Paths

# No 'vpath' search paths.

# No general ('VPATH' variable) search path.

# strcache buffers: 1 (0) / strings = 14 / storage = 102 B / avg = 7 B
# current buf: size = 8162 B / used = 102 B / count = 14 / avg = 7 B

# strcache performance: lookups = 16 / hit rate = 12%
# hash-table stats:
# Load=14/8192=0%, Rehash=0, Collisions=0/16=0%
# Finished Make data base on Fri Apr  3 16:30:58 2026

 
